\BOOKMARK [0][-]{chapter*.1}{Acknowledgements}{}% 1
\BOOKMARK [0][-]{chapter*.2}{Preface}{}% 2
\BOOKMARK [0][-]{chapter.1}{Functions Graphs and Excel}{}% 3
\BOOKMARK [1][-]{section.1.1}{Linear Functions and models}{chapter.1}% 4
\BOOKMARK [1][-]{section.1.2}{Functions in the Business setting}{chapter.1}% 5
\BOOKMARK [1][-]{section.1.3}{Introduction to Excel Spreadsheets}{chapter.1}% 6
\BOOKMARK [1][-]{section.1.4}{Graphing functions with Excel}{chapter.1}% 7
\BOOKMARK [1][-]{section.1.5}{Using Excel to find best-fit curves}{chapter.1}% 8
\BOOKMARK [1][-]{section.1.6}{Finding Numerical Solutions with Goal Seek}{chapter.1}% 9
\BOOKMARK [0][-]{chapter.2}{Business Applications}{}% 10
\BOOKMARK [1][-]{section.2.1}{Market Equilibrium Problems}{chapter.2}% 11
\BOOKMARK [1][-]{section.2.2}{Modeling Revenue, Costs, and Profit}{chapter.2}% 12
\BOOKMARK [1][-]{section.2.3}{Nonlinear Functions}{chapter.2}% 13
\BOOKMARK [0][-]{chapter.3}{Rate of Change and Derivatives}{}% 14
\BOOKMARK [1][-]{section.3.1}{Marginal Functions and Difference Quotients}{chapter.3}% 15
\BOOKMARK [1][-]{section.3.2}{Numeric Derivatives and Limits}{chapter.3}% 16
\BOOKMARK [1][-]{section.3.3}{Local Linearity}{chapter.3}% 17
\BOOKMARK [1][-]{section.3.4}{Optimization}{chapter.3}% 18
\BOOKMARK [1][-]{section.3.5}{An Introduction to Solver}{chapter.3}% 19
\BOOKMARK [0][-]{chapter.4}{Symbolic Differentiation}{}% 20
\BOOKMARK [1][-]{section.4.1}{Elementary Derivatives}{chapter.4}% 21
\BOOKMARK [1][-]{section.4.2}{Derivative Rules for Combinations of Functions}{chapter.4}% 22
\BOOKMARK [1][-]{section.4.3}{The Chain Rule}{chapter.4}% 23
\BOOKMARK [1][-]{section.4.4}{Differentiation Using Computer Algebra}{chapter.4}% 24
\BOOKMARK [1][-]{section.4.5}{The Second Derivative and Concavity}{chapter.4}% 25
\BOOKMARK [0][-]{chapter.5}{Differentiation Techniques and Applications}{}% 26
\BOOKMARK [1][-]{section.5.1}{Implicit Differentiation}{chapter.5}% 27
\BOOKMARK [1][-]{section.5.2}{Related Rates}{chapter.5}% 28
\BOOKMARK [1][-]{section.5.3}{Elasticity}{chapter.5}% 29
\BOOKMARK [0][-]{chapter.6}{Functions of Several Variables}{}% 30
\BOOKMARK [1][-]{section.6.1}{Evaluating and Graphing Functions of Several Variables}{chapter.6}% 31
\BOOKMARK [1][-]{section.6.2}{Wire Frames, Partial Derivatives, and Tangent Planes}{chapter.6}% 32
\BOOKMARK [1][-]{section.6.3}{Critical Points and Extrema}{chapter.6}% 33
\BOOKMARK [1][-]{section.6.4}{Optimization and Best Fitting Curves}{chapter.6}% 34
\BOOKMARK [0][-]{chapter.7}{Integration}{}% 35
\BOOKMARK [1][-]{section.7.1}{Approximating Definite Integrals as Sums}{chapter.7}% 36
\BOOKMARK [1][-]{section.7.2}{The Fundamental Theorem of Calculus}{chapter.7}% 37
\BOOKMARK [1][-]{section.7.3}{Basic Antidifferentiation}{chapter.7}% 38
\BOOKMARK [1][-]{section.7.4}{Integration by Change of Variables or Substitution}{chapter.7}% 39
\BOOKMARK [1][-]{section.7.5}{Integration using Computer Algebra}{chapter.7}% 40
\BOOKMARK [1][-]{section.7.6}{The Normal Distribution: An extended numeric example}{chapter.7}% 41
\BOOKMARK [1][-]{section.7.7}{Applications of the integral: Investment and depreciation}{chapter.7}% 42
\BOOKMARK [1][-]{section.7.8}{Economics Applications of the Integral}{chapter.7}% 43
